TN:
SF:src\app\App.tsx
FN:3,(anonymous_0)
FNF:1
FNH:0
FNDA:0,(anonymous_0)
DA:3,0
LF:1
LH:0
BRF:0
BRH:0
end_of_record
TN:
SF:src\app\router\AppRouter.tsx
FN:6,(anonymous_0)
FNF:1
FNH:1
FNDA:3,(anonymous_0)
DA:6,1
DA:7,3
LF:2
LH:2
BRF:0
BRH:0
end_of_record
TN:
SF:src\core\config\api.ts
FNF:0
FNH:0
DA:1,2
LF:1
LH:1
BRF:0
BRH:0
end_of_record
TN:
SF:src\core\config\routes.ts
FNF:0
FNH:0
DA:1,1
LF:1
LH:1
BRF:0
BRH:0
end_of_record
TN:
SF:src\domain\entities\Plan.ts
FNF:0
FNH:0
LF:0
LH:0
BRF:0
BRH:0
end_of_record
TN:
SF:src\domain\entities\User.ts
FNF:0
FNH:0
LF:0
LH:0
BRF:0
BRH:0
end_of_record
TN:
SF:src\domain\repositories\PlanRepository.ts
FNF:0
FNH:0
LF:0
LH:0
BRF:0
BRH:0
end_of_record
TN:
SF:src\domain\repositories\UserRepository.ts
FNF:0
FNH:0
LF:0
LH:0
BRF:0
BRH:0
end_of_record
TN:
SF:src\domain\usecases\GetPlansForUserUseCase.ts
FN:6,(anonymous_0)
FN:10,(anonymous_1)
FNF:2
FNH:2
FNDA:1,(anonymous_0)
FNDA:1,(anonymous_1)
DA:7,1
DA:11,1
DA:12,1
LF:3
LH:3
BRF:0
BRH:0
end_of_record
TN:
SF:src\domain\usecases\GetUserUseCase.ts
FN:7,(anonymous_0)
FN:11,(anonymous_1)
FNF:2
FNH:2
FNDA:2,(anonymous_0)
FNDA:2,(anonymous_1)
DA:8,2
DA:12,2
LF:2
LH:2
BRF:0
BRH:0
end_of_record
TN:
SF:src\infra\http\httpClient.ts
FN:9,(anonymous_0)
FN:10,(anonymous_1)
FNF:2
FNH:2
FNDA:1,(anonymous_0)
FNDA:1,(anonymous_1)
DA:3,2
DA:8,2
DA:9,1
DA:12,1
LF:4
LH:4
BRF:0
BRH:0
end_of_record
TN:
SF:src\infra\repositories\PlanHttpRepository.ts
FN:11,(anonymous_0)
FNF:1
FNH:1
FNDA:3,(anonymous_0)
DA:12,3
DA:16,2
LF:2
LH:2
BRF:0
BRH:0
end_of_record
TN:
SF:src\infra\repositories\UserHttpRepository.ts
FN:7,(anonymous_0)
FNF:1
FNH:1
FNDA:3,(anonymous_0)
DA:8,3
DA:11,2
LF:2
LH:2
BRF:0
BRH:0
end_of_record
TN:
SF:src\ui\components\form\QuoteForm.tsx
FN:8,(anonymous_0)
FN:30,(anonymous_1)
FN:68,(anonymous_2)
FN:93,(anonymous_3)
FNF:4
FNH:2
FNDA:1,(anonymous_0)
FNDA:1,(anonymous_1)
FNDA:0,(anonymous_2)
FNDA:0,(anonymous_3)
DA:8,1
DA:9,1
DA:10,1
DA:17,1
DA:28,1
DA:30,1
DA:32,1
DA:35,1
DA:45,1
DA:48,1
DA:69,0
DA:73,0
DA:94,0
DA:95,0
LF:14
LH:10
BRDA:65,0,0,0
BRDA:65,0,1,1
BRDA:79,1,0,1
BRDA:79,1,1,0
BRDA:90,2,0,0
BRDA:90,2,1,1
BRDA:99,3,0,1
BRDA:99,3,1,0
BRDA:113,4,0,1
BRDA:113,4,1,0
BRF:10
BRH:5
end_of_record
TN:
SF:src\ui\components\form\rules.ts
FN:15,(anonymous_0)
FN:21,(anonymous_1)
FN:61,(anonymous_2)
FNF:3
FNH:3
FNDA:13,(anonymous_0)
FNDA:8,(anonymous_1)
FNDA:2,(anonymous_2)
DA:15,13
DA:22,8
DA:24,8
DA:25,3
DA:26,1
DA:28,2
DA:31,5
DA:32,5
DA:33,1
DA:35,4
DA:36,4
DA:42,0
DA:62,2
LF:13
LH:12
BRDA:24,0,0,3
BRDA:24,0,1,5
BRDA:25,1,0,1
BRDA:25,1,1,2
BRDA:28,2,0,2
BRDA:28,2,1,1
BRDA:31,3,0,5
BRDA:31,3,1,0
BRDA:32,4,0,1
BRDA:32,4,1,4
BRDA:37,5,0,4
BRDA:37,5,1,3
BRDA:37,5,2,2
BRDA:62,6,0,2
BRDA:62,6,1,1
BRF:15
BRH:14
end_of_record
TN:
SF:src\ui\components\form\utils.ts
FN:1,(anonymous_0)
FN:5,(anonymous_1)
FN:17,(anonymous_2)
FNF:3
FNH:3
FNDA:12,(anonymous_0)
FNDA:4,(anonymous_1)
FNDA:4,(anonymous_2)
DA:1,2
DA:2,12
DA:5,2
DA:9,4
DA:11,4
DA:12,2
DA:14,0
DA:17,2
DA:18,4
LF:9
LH:8
BRDA:11,0,0,2
BRDA:11,0,1,2
BRDA:12,1,0,2
BRDA:12,1,1,0
BRF:4
BRH:3
end_of_record
TN:
SF:src\ui\components\layout\Footer.tsx
FN:3,(anonymous_0)
FNF:1
FNH:1
FNDA:4,(anonymous_0)
DA:3,1
DA:4,4
DA:5,4
LF:3
LH:3
BRF:0
BRH:0
end_of_record
TN:
SF:src\ui\components\layout\Header.tsx
FN:4,(anonymous_0)
FNF:1
FNH:1
FNDA:5,(anonymous_0)
DA:4,1
DA:5,5
LF:2
LH:2
BRF:0
BRH:0
end_of_record
TN:
SF:src\ui\components\layout\RimacLayout.tsx
FN:5,(anonymous_0)
FNF:1
FNH:1
FNDA:5,(anonymous_0)
DA:5,1
DA:6,5
LF:2
LH:2
BRF:0
BRH:0
end_of_record
TN:
SF:src\ui\components\navigation\StepsHeader.tsx
FN:15,(anonymous_0)
FN:20,(anonymous_1)
FN:30,(anonymous_2)
FNF:3
FNH:3
FNDA:8,(anonymous_0)
FNDA:15,(anonymous_1)
FNDA:24,(anonymous_2)
DA:15,1
DA:20,15
DA:21,8
DA:22,8
DA:24,8
DA:31,24
DA:32,24
DA:34,24
LF:8
LH:8
BRDA:38,0,0,8
BRDA:38,0,1,16
BRDA:39,1,0,7
BRDA:39,1,1,17
BRDA:47,2,0,24
BRDA:47,2,1,16
BRDA:61,3,0,8
BRDA:61,3,1,2
BRF:8
BRH:8
end_of_record
TN:
SF:src\ui\components\plans\PlanCard.tsx
FN:20,(anonymous_0)
FN:58,(anonymous_1)
FNF:2
FNH:2
FNDA:10,(anonymous_0)
FNDA:30,(anonymous_1)
DA:7,1
DA:20,1
DA:21,10
DA:22,10
DA:24,10
DA:59,30
LF:6
LH:6
BRDA:21,0,0,10
BRDA:21,0,1,1
BRDA:22,1,0,10
BRDA:22,1,1,9
BRDA:27,2,0,10
BRDA:27,2,1,9
BRDA:39,3,0,10
BRDA:39,3,1,9
BRF:8
BRH:8
end_of_record
TN:
SF:src\ui\components\plans\PlansCarousel.tsx
FN:18,(anonymous_0)
FN:34,(anonymous_1)
FN:36,(anonymous_2)
FN:50,(anonymous_3)
FN:60,(anonymous_4)
FN:62,(anonymous_5)
FNF:6
FNH:5
FNDA:9,(anonymous_0)
FNDA:16,(anonymous_1)
FNDA:1,(anonymous_2)
FNDA:1,(anonymous_3)
FNDA:16,(anonymous_4)
FNDA:0,(anonymous_5)
DA:18,1
DA:22,9
DA:23,1
DA:30,8
DA:35,16
DA:36,1
DA:51,1
DA:61,16
DA:62,0
LF:9
LH:8
BRDA:22,0,0,1
BRDA:22,0,1,8
BRDA:22,1,0,9
BRDA:22,1,1,9
BRF:4
BRH:4
end_of_record
TN:
SF:src\ui\context\AppContext.tsx
FN:18,(anonymous_0)
FN:28,(anonymous_1)
FNF:2
FNH:2
FNDA:1,(anonymous_0)
FNDA:4,(anonymous_1)
DA:16,1
DA:18,1
DA:19,1
DA:21,1
DA:28,1
DA:29,4
DA:30,4
DA:31,2
DA:33,1
LF:9
LH:9
BRDA:30,0,0,2
BRDA:30,0,1,2
BRF:2
BRH:2
end_of_record
TN:
SF:src\ui\context\appReducer.ts
FN:30,appReducer
FNF:1
FNH:1
FNDA:4,appReducer
DA:24,2
DA:31,4
DA:33,1
DA:35,1
DA:37,0
DA:39,1
DA:41,1
DA:52,1
DA:54,0
LF:9
LH:7
BRDA:31,0,0,1
BRDA:31,0,1,1
BRDA:31,0,2,0
BRDA:31,0,3,1
BRDA:31,0,4,1
BRDA:31,0,5,0
BRDA:39,1,0,0
BRDA:39,1,1,1
BRF:8
BRH:5
end_of_record
TN:
SF:src\ui\navigation\quoteSteps.ts
FNF:0
FNH:0
DA:6,1
LF:1
LH:1
BRF:0
BRH:0
end_of_record
TN:
SF:src\ui\pages\HomePage.tsx
FN:5,(anonymous_0)
FNF:1
FNH:1
FNDA:7,(anonymous_0)
DA:5,1
DA:6,7
LF:2
LH:2
BRF:0
BRH:0
end_of_record
TN:
SF:src\ui\pages\PlansPage.tsx
FN:20,(anonymous_0)
FN:29,(anonymous_1)
FN:30,(anonymous_2)
FN:37,(anonymous_3)
FN:38,(anonymous_4)
FN:52,(anonymous_5)
FN:53,(anonymous_6)
FN:74,(anonymous_7)
FN:79,(anonymous_8)
FN:89,(anonymous_9)
FN:113,(anonymous_10)
FN:119,(anonymous_11)
FN:145,(anonymous_12)
FN:171,(anonymous_13)
FNF:14
FNH:12
FNDA:13,(anonymous_0)
FNDA:8,(anonymous_1)
FNDA:8,(anonymous_2)
FNDA:8,(anonymous_3)
FNDA:8,(anonymous_4)
FNDA:8,(anonymous_5)
FNDA:8,(anonymous_6)
FNDA:1,(anonymous_7)
FNDA:1,(anonymous_8)
FNDA:12,(anonymous_9)
FNDA:0,(anonymous_10)
FNDA:1,(anonymous_11)
FNDA:0,(anonymous_12)
FNDA:1,(anonymous_13)
DA:20,1
DA:21,13
DA:22,13
DA:24,13
DA:25,13
DA:26,13
DA:29,13
DA:30,13
DA:33,13
DA:34,13
DA:37,13
DA:38,8
DA:40,8
DA:41,0
DA:43,0
DA:44,0
DA:45,0
DA:48,8
DA:52,13
DA:53,8
DA:55,8
DA:56,8
DA:58,8
DA:59,8
DA:60,8
DA:61,7
DA:62,7
DA:64,1
DA:66,8
DA:70,8
DA:74,13
DA:75,1
DA:79,13
DA:80,1
DA:81,1
DA:89,13
DA:90,12
DA:92,4
DA:93,3
DA:96,1
DA:100,13
DA:101,13
DA:105,13
DA:107,13
DA:113,0
DA:119,1
DA:145,0
DA:171,1
LF:48
LH:42
BRDA:40,0,0,8
BRDA:40,0,1,0
BRDA:40,1,0,8
BRDA:40,1,1,8
BRDA:55,2,0,0
BRDA:55,2,1,8
BRDA:90,3,0,8
BRDA:90,3,1,4
BRDA:90,4,0,12
BRDA:90,4,1,12
BRDA:92,5,0,3
BRDA:92,5,1,1
BRDA:101,6,0,13
BRDA:101,6,1,0
BRDA:143,7,0,11
BRDA:143,7,1,2
BRDA:167,8,0,2
BRDA:167,8,1,11
BRDA:194,9,0,13
BRDA:194,9,1,8
BRDA:195,10,0,13
BRDA:195,10,1,1
BRDA:197,11,0,13
BRDA:197,11,1,5
BRDA:197,11,2,4
BRF:25
BRH:22
end_of_record
TN:
SF:src\ui\pages\SummaryPage.tsx
FN:11,(anonymous_0)
FN:17,(anonymous_1)
FN:33,(anonymous_2)
FN:36,(anonymous_3)
FNF:4
FNH:3
FNDA:4,(anonymous_0)
FNDA:4,(anonymous_1)
FNDA:0,(anonymous_2)
FNDA:1,(anonymous_3)
DA:11,1
DA:12,4
DA:13,4
DA:15,4
DA:17,4
DA:18,4
DA:19,1
DA:23,4
DA:25,3
DA:27,3
DA:33,0
DA:36,1
LF:12
LH:11
BRDA:18,0,0,1
BRDA:18,0,1,3
BRDA:18,1,0,4
BRDA:18,1,1,3
BRDA:23,2,0,1
BRDA:23,2,1,3
BRDA:23,3,0,4
BRDA:23,3,1,3
BRF:8
BRH:8
end_of_record
